C:\USERS\YYYUEYING\DOCUMENTS\VISUAL STUDIO 2012\PROJECTS\LISTFUL\JASMINE LALALLAAL\DEBUG\ADD.OBJ
C:\USERS\YYYUEYING\DOCUMENTS\VISUAL STUDIO 2012\PROJECTS\LISTFUL\JASMINE LALALLAAL\DEBUG\CATEGORY.OBJ
C:\USERS\YYYUEYING\DOCUMENTS\VISUAL STUDIO 2012\PROJECTS\LISTFUL\JASMINE LALALLAAL\DEBUG\CLEAR.OBJ
C:\USERS\YYYUEYING\DOCUMENTS\VISUAL STUDIO 2012\PROJECTS\LISTFUL\JASMINE LALALLAAL\DEBUG\DATASTORE.OBJ
C:\USERS\YYYUEYING\DOCUMENTS\VISUAL STUDIO 2012\PROJECTS\LISTFUL\JASMINE LALALLAAL\DEBUG\DATE.OBJ
C:\USERS\YYYUEYING\DOCUMENTS\VISUAL STUDIO 2012\PROJECTS\LISTFUL\JASMINE LALALLAAL\DEBUG\DELETE.OBJ
C:\USERS\YYYUEYING\DOCUMENTS\VISUAL STUDIO 2012\PROJECTS\LISTFUL\JASMINE LALALLAAL\DEBUG\EDIT.OBJ
C:\USERS\YYYUEYING\DOCUMENTS\VISUAL STUDIO 2012\PROJECTS\LISTFUL\JASMINE LALALLAAL\DEBUG\FILELOCATION.OBJ
C:\USERS\YYYUEYING\DOCUMENTS\VISUAL STUDIO 2012\PROJECTS\LISTFUL\JASMINE LALALLAAL\DEBUG\PARSER.OBJ
C:\USERS\YYYUEYING\DOCUMENTS\VISUAL STUDIO 2012\PROJECTS\LISTFUL\JASMINE LALALLAAL\DEBUG\MAIN.OBJ
C:\USERS\YYYUEYING\DOCUMENTS\VISUAL STUDIO 2012\PROJECTS\LISTFUL\JASMINE LALALLAAL\DEBUG\PARSERFACADE.OBJ
C:\USERS\YYYUEYING\DOCUMENTS\VISUAL STUDIO 2012\PROJECTS\LISTFUL\JASMINE LALALLAAL\DEBUG\PRIORITY.OBJ
C:\USERS\YYYUEYING\DOCUMENTS\VISUAL STUDIO 2012\PROJECTS\LISTFUL\JASMINE LALALLAAL\DEBUG\SEARCH.OBJ
C:\USERS\YYYUEYING\DOCUMENTS\VISUAL STUDIO 2012\PROJECTS\LISTFUL\JASMINE LALALLAAL\DEBUG\SORT.OBJ
C:\USERS\YYYUEYING\DOCUMENTS\VISUAL STUDIO 2012\PROJECTS\LISTFUL\JASMINE LALALLAAL\DEBUG\CLASSES.OBJ
C:\USERS\YYYUEYING\DOCUMENTS\VISUAL STUDIO 2012\PROJECTS\LISTFUL\JASMINE LALALLAAL\DEBUG\DISPLAY.OBJ
C:\USERS\YYYUEYING\DOCUMENTS\VISUAL STUDIO 2012\PROJECTS\LISTFUL\JASMINE LALALLAAL\DEBUG\TIMING.OBJ
C:\USERS\YYYUEYING\DOCUMENTS\VISUAL STUDIO 2012\PROJECTS\LISTFUL\JASMINE LALALLAAL\DEBUG\USERINTERFACE.OBJ
C:\USERS\YYYUEYING\DOCUMENTS\VISUAL STUDIO 2012\PROJECTS\LISTFUL\JASMINE LALALLAAL\DEBUG\USERMESSAGE.OBJ
C:\USERS\YYYUEYING\DOCUMENTS\VISUAL STUDIO 2012\PROJECTS\LISTFUL\JASMINE LALALLAAL\DEBUG\VC110.PDB
C:\USERS\YYYUEYING\DOCUMENTS\VISUAL STUDIO 2012\PROJECTS\LISTFUL\JASMINE LALALLAAL\LISTFULDRAFT.ILK
C:\USERS\YYYUEYING\DOCUMENTS\VISUAL STUDIO 2012\PROJECTS\LISTFUL\JASMINE LALALLAAL\LISTFULDRAFT.EXE
C:\USERS\YYYUEYING\DOCUMENTS\VISUAL STUDIO 2012\PROJECTS\LISTFUL\JASMINE LALALLAAL\LISTFULDRAFT.PDB
C:\Users\yyyueying\Documents\Visual Studio 2012\Projects\Listful\Jasmine LALALLAAL\Debug\Add.obj
C:\Users\yyyueying\Documents\Visual Studio 2012\Projects\Listful\Jasmine LALALLAAL\Debug\Category.obj
C:\Users\yyyueying\Documents\Visual Studio 2012\Projects\Listful\Jasmine LALALLAAL\Debug\Classes.obj
C:\Users\yyyueying\Documents\Visual Studio 2012\Projects\Listful\Jasmine LALALLAAL\Debug\Clear.obj
C:\Users\yyyueying\Documents\Visual Studio 2012\Projects\Listful\Jasmine LALALLAAL\Debug\DataStore.obj
C:\Users\yyyueying\Documents\Visual Studio 2012\Projects\Listful\Jasmine LALALLAAL\Debug\Date.obj
C:\Users\yyyueying\Documents\Visual Studio 2012\Projects\Listful\Jasmine LALALLAAL\Debug\Delete.obj
C:\Users\yyyueying\Documents\Visual Studio 2012\Projects\Listful\Jasmine LALALLAAL\Debug\Display.obj
C:\Users\yyyueying\Documents\Visual Studio 2012\Projects\Listful\Jasmine LALALLAAL\Debug\Edit.obj
C:\Users\yyyueying\Documents\Visual Studio 2012\Projects\Listful\Jasmine LALALLAAL\Debug\FileLocation.obj
C:\Users\yyyueying\Documents\Visual Studio 2012\Projects\Listful\Jasmine LALALLAAL\Debug\MAIN.obj
C:\Users\yyyueying\Documents\Visual Studio 2012\Projects\Listful\Jasmine LALALLAAL\Debug\Parser.obj
C:\Users\yyyueying\Documents\Visual Studio 2012\Projects\Listful\Jasmine LALALLAAL\Debug\ParserFacade.obj
C:\Users\yyyueying\Documents\Visual Studio 2012\Projects\Listful\Jasmine LALALLAAL\Debug\Priority.obj
C:\Users\yyyueying\Documents\Visual Studio 2012\Projects\Listful\Jasmine LALALLAAL\Debug\Search.obj
C:\Users\yyyueying\Documents\Visual Studio 2012\Projects\Listful\Jasmine LALALLAAL\Debug\Sort.obj
C:\Users\yyyueying\Documents\Visual Studio 2012\Projects\Listful\Jasmine LALALLAAL\Debug\Timing.obj
C:\Users\yyyueying\Documents\Visual Studio 2012\Projects\Listful\Jasmine LALALLAAL\Debug\UserInterface.obj
C:\Users\yyyueying\Documents\Visual Studio 2012\Projects\Listful\Jasmine LALALLAAL\Debug\UserMessage.obj
C:\Users\yyyueying\Documents\Visual Studio 2012\Projects\Listful\Jasmine LALALLAAL\Debug\cl.command.1.tlog
C:\Users\yyyueying\Documents\Visual Studio 2012\Projects\Listful\Jasmine LALALLAAL\Debug\CL.read.1.tlog
C:\Users\yyyueying\Documents\Visual Studio 2012\Projects\Listful\Jasmine LALALLAAL\Debug\CL.write.1.tlog
C:\Users\yyyueying\Documents\Visual Studio 2012\Projects\Listful\Jasmine LALALLAAL\Debug\link-cvtres.read.1.tlog
C:\Users\yyyueying\Documents\Visual Studio 2012\Projects\Listful\Jasmine LALALLAAL\Debug\link-cvtres.write.1.tlog
C:\Users\yyyueying\Documents\Visual Studio 2012\Projects\Listful\Jasmine LALALLAAL\Debug\link-rc.read.1.tlog
C:\Users\yyyueying\Documents\Visual Studio 2012\Projects\Listful\Jasmine LALALLAAL\Debug\link-rc.write.1.tlog
C:\Users\yyyueying\Documents\Visual Studio 2012\Projects\Listful\Jasmine LALALLAAL\Debug\link.command.1.tlog
C:\Users\yyyueying\Documents\Visual Studio 2012\Projects\Listful\Jasmine LALALLAAL\Debug\link.read.1.tlog
C:\Users\yyyueying\Documents\Visual Studio 2012\Projects\Listful\Jasmine LALALLAAL\Debug\link.write.1.tlog
C:\Users\yyyueying\Documents\Visual Studio 2012\Projects\Listful\Jasmine LALALLAAL\Debug\vc110.idb
C:\Users\yyyueying\Documents\Visual Studio 2012\Projects\Listful\Jasmine LALALLAAL\Debug\vc110.pdb
C:\Users\yyyueying\Documents\Visual Studio 2012\Projects\Listful\Jasmine LALALLAAL\Debug\..\ListfulDraft.pdb
C:\Users\yyyueying\Documents\Visual Studio 2012\Projects\Listful\Jasmine LALALLAAL\ListfulDraft\..\ListfulDraft.exe
C:\Users\yyyueying\Documents\Visual Studio 2012\Projects\Listful\Jasmine LALALLAAL\Debug\..\ListfulDraft.ilk
