Build started 9/4/2015 2:24:27 AM.
     1>Project "C:\Users\yyyueying\Documents\Visual Studio 2012\Projects\Listful\Jasmine LALALLAAL\ListfulDraft\ListfulDraft.vcxproj" on node 2 (Rebuild target(s)).
     1>C:\Program Files (x86)\MSBuild\Microsoft.Cpp\v4.0\V110\Microsoft.CppBuild.targets(345,5): warning MSB8004: Intermediate Directory does not end with a trailing slash.  This build instance will add the slash as it is required to allow proper evaluation of the Intermediate Directory.
     1>C:\Program Files (x86)\MSBuild\Microsoft.Cpp\v4.0\V110\Microsoft.CppBuild.targets(346,5): warning MSB8004: Output Directory does not end with a trailing slash.  This build instance will add the slash as it is required to allow proper evaluation of the Output Directory.
     1>ClCompile:
         C:\Program Files (x86)\Microsoft Visual Studio 11.0\VC\bin\CL.exe /c /ZI /nologo /W3 /WX- /Od /Oy- /D _MBCS /Gm /EHsc /RTC1 /MDd /GS /fp:precise /Zc:wchar_t /Zc:forScope /Fo"..\Debug\\" /Fd"..\Debug\vc110.pdb" /Gd /TP /analyze- /errorReport:prompt Add.cpp Category.cpp Clear.cpp DataStore.cpp Date.cpp Delete.cpp Edit.cpp FileLocation.cpp Parser.cpp MAIN.cpp ParserFacade.cpp Priority.cpp Search.cpp Sort.cpp Classes.cpp Display.cpp Timing.cpp UserInterface.cpp UserMessage.cpp
         UserMessage.cpp
         UserInterface.cpp
     1>c:\users\yyyueying\documents\visual studio 2012\projects\listful\jasmine lalallaal\listfuldraft\userinterface.cpp(7): warning C4018: '<' : signed/unsigned mismatch
     1>c:\users\yyyueying\documents\visual studio 2012\projects\listful\jasmine lalallaal\listfuldraft\userinterface.cpp(265): warning C4244: 'argument' : conversion from 'time_t' to 'unsigned int', possible loss of data
         Timing.cpp
     1>c:\users\yyyueying\documents\visual studio 2012\projects\listful\jasmine lalallaal\listfuldraft\timing.cpp(26): warning C4018: '<' : signed/unsigned mismatch
         Display.cpp
     1>c:\users\yyyueying\documents\visual studio 2012\projects\listful\jasmine lalallaal\listfuldraft\display.cpp(14): warning C4018: '<' : signed/unsigned mismatch
     1>c:\users\yyyueying\documents\visual studio 2012\projects\listful\jasmine lalallaal\listfuldraft\display.cpp(22): warning C4018: '<' : signed/unsigned mismatch
     1>c:\users\yyyueying\documents\visual studio 2012\projects\listful\jasmine lalallaal\listfuldraft\display.cpp(30): warning C4018: '<' : signed/unsigned mismatch
     1>c:\users\yyyueying\documents\visual studio 2012\projects\listful\jasmine lalallaal\listfuldraft\display.cpp(48): warning C4018: '<' : signed/unsigned mismatch
     1>c:\users\yyyueying\documents\visual studio 2012\projects\listful\jasmine lalallaal\listfuldraft\display.cpp(117): warning C4018: '<' : signed/unsigned mismatch
     1>c:\users\yyyueying\documents\visual studio 2012\projects\listful\jasmine lalallaal\listfuldraft\display.cpp(122): warning C4018: '<' : signed/unsigned mismatch
     1>c:\users\yyyueying\documents\visual studio 2012\projects\listful\jasmine lalallaal\listfuldraft\display.cpp(127): warning C4018: '<' : signed/unsigned mismatch
     1>c:\users\yyyueying\documents\visual studio 2012\projects\listful\jasmine lalallaal\listfuldraft\display.cpp(142): warning C4018: '<' : signed/unsigned mismatch
     1>c:\users\yyyueying\documents\visual studio 2012\projects\listful\jasmine lalallaal\listfuldraft\display.cpp(150): warning C4018: '<' : signed/unsigned mismatch
     1>c:\users\yyyueying\documents\visual studio 2012\projects\listful\jasmine lalallaal\listfuldraft\display.cpp(158): warning C4018: '<' : signed/unsigned mismatch
     1>c:\users\yyyueying\documents\visual studio 2012\projects\listful\jasmine lalallaal\listfuldraft\display.cpp(176): warning C4018: '<' : signed/unsigned mismatch
     1>c:\users\yyyueying\documents\visual studio 2012\projects\listful\jasmine lalallaal\listfuldraft\display.cpp(181): warning C4018: '<' : signed/unsigned mismatch
     1>c:\users\yyyueying\documents\visual studio 2012\projects\listful\jasmine lalallaal\listfuldraft\display.cpp(186): warning C4018: '<' : signed/unsigned mismatch
     1>c:\users\yyyueying\documents\visual studio 2012\projects\listful\jasmine lalallaal\listfuldraft\display.cpp(226): warning C4018: '>' : signed/unsigned mismatch
     1>c:\users\yyyueying\documents\visual studio 2012\projects\listful\jasmine lalallaal\listfuldraft\display.cpp(236): warning C4018: '>' : signed/unsigned mismatch
         Classes.cpp
         Sort.cpp
     1>c:\users\yyyueying\documents\visual studio 2012\projects\listful\jasmine lalallaal\listfuldraft\sort.cpp(5): warning C4018: '<' : signed/unsigned mismatch
     1>c:\users\yyyueying\documents\visual studio 2012\projects\listful\jasmine lalallaal\listfuldraft\sort.cpp(27): warning C4018: '<' : signed/unsigned mismatch
     1>c:\users\yyyueying\documents\visual studio 2012\projects\listful\jasmine lalallaal\listfuldraft\sort.cpp(70): warning C4018: '<' : signed/unsigned mismatch
     1>c:\users\yyyueying\documents\visual studio 2012\projects\listful\jasmine lalallaal\listfuldraft\sort.cpp(102): warning C4018: '<' : signed/unsigned mismatch
     1>c:\users\yyyueying\documents\visual studio 2012\projects\listful\jasmine lalallaal\listfuldraft\sort.cpp(123): warning C4018: '<' : signed/unsigned mismatch
     1>c:\users\yyyueying\documents\visual studio 2012\projects\listful\jasmine lalallaal\listfuldraft\sort.cpp(159): warning C4018: '<' : signed/unsigned mismatch
     1>c:\users\yyyueying\documents\visual studio 2012\projects\listful\jasmine lalallaal\listfuldraft\sort.cpp(189): warning C4018: '<' : signed/unsigned mismatch
         Search.cpp
     1>c:\users\yyyueying\documents\visual studio 2012\projects\listful\jasmine lalallaal\listfuldraft\search.cpp(55): warning C4018: '<' : signed/unsigned mismatch
     1>c:\users\yyyueying\documents\visual studio 2012\projects\listful\jasmine lalallaal\listfuldraft\search.cpp(79): warning C4018: '<' : signed/unsigned mismatch
     1>c:\users\yyyueying\documents\visual studio 2012\projects\listful\jasmine lalallaal\listfuldraft\search.cpp(104): warning C4018: '<' : signed/unsigned mismatch
     1>c:\users\yyyueying\documents\visual studio 2012\projects\listful\jasmine lalallaal\listfuldraft\search.cpp(124): warning C4018: '<' : signed/unsigned mismatch
     1>c:\users\yyyueying\documents\visual studio 2012\projects\listful\jasmine lalallaal\listfuldraft\search.cpp(143): warning C4018: '<' : signed/unsigned mismatch
     1>c:\users\yyyueying\documents\visual studio 2012\projects\listful\jasmine lalallaal\listfuldraft\search.cpp(165): warning C4018: '<' : signed/unsigned mismatch
         Priority.cpp
         ParserFacade.cpp
         MAIN.cpp
         Parser.cpp
     1>c:\users\yyyueying\documents\visual studio 2012\projects\listful\jasmine lalallaal\listfuldraft\parser.cpp(149): warning C4553: '==' : operator has no effect; did you intend '='?
     1>c:\users\yyyueying\documents\visual studio 2012\projects\listful\jasmine lalallaal\listfuldraft\parser.cpp(418): warning C4018: '<' : signed/unsigned mismatch
         FileLocation.cpp
         Edit.cpp
     1>c:\users\yyyueying\documents\visual studio 2012\projects\listful\jasmine lalallaal\listfuldraft\edit.cpp(4): warning C4018: '>' : signed/unsigned mismatch
         Delete.cpp
     1>c:\users\yyyueying\documents\visual studio 2012\projects\listful\jasmine lalallaal\listfuldraft\delete.cpp(26): warning C4018: '>' : signed/unsigned mismatch
     1>c:\users\yyyueying\documents\visual studio 2012\projects\listful\jasmine lalallaal\listfuldraft\delete.cpp(57): warning C4018: '<' : signed/unsigned mismatch
         Date.cpp
     1>c:\users\yyyueying\documents\visual studio 2012\projects\listful\jasmine lalallaal\listfuldraft\date.cpp(49): warning C4018: '<' : signed/unsigned mismatch
         DataStore.cpp
         Clear.cpp
         Category.cpp
         Add.cpp
         Generating Code...
       Link:
         C:\Program Files (x86)\Microsoft Visual Studio 11.0\VC\bin\link.exe /ERRORREPORT:PROMPT /OUT:"..\ListfulDraft.exe" /INCREMENTAL /NOLOGO kernel32.lib user32.lib gdi32.lib winspool.lib comdlg32.lib advapi32.lib shell32.lib ole32.lib oleaut32.lib uuid.lib odbc32.lib odbccp32.lib /MANIFEST /MANIFESTUAC:"level='asInvoker' uiAccess='false'" /manifest:embed /DEBUG /PDB:"..\ListfulDraft.pdb" /TLBID:1 /DYNAMICBASE /NXCOMPAT /IMPLIB:"..\ListfulDraft.lib" /MACHINE:X86 ..\Debug\Add.obj
         ..\Debug\Category.obj
         ..\Debug\Clear.obj
         ..\Debug\DataStore.obj
         ..\Debug\Date.obj
         ..\Debug\Delete.obj
         ..\Debug\Edit.obj
         ..\Debug\FileLocation.obj
         ..\Debug\Parser.obj
         ..\Debug\MAIN.obj
         ..\Debug\ParserFacade.obj
         ..\Debug\Priority.obj
         ..\Debug\Search.obj
         ..\Debug\Sort.obj
         ..\Debug\Classes.obj
         ..\Debug\Display.obj
         ..\Debug\Timing.obj
         ..\Debug\UserInterface.obj
         ..\Debug\UserMessage.obj
         ListfulDraft.vcxproj -> C:\Users\yyyueying\Documents\Visual Studio 2012\Projects\Listful\Jasmine LALALLAAL\ListfulDraft\..\ListfulDraft.exe
     1>Done Building Project "C:\Users\yyyueying\Documents\Visual Studio 2012\Projects\Listful\Jasmine LALALLAAL\ListfulDraft\ListfulDraft.vcxproj" (Rebuild target(s)).

Build succeeded.

Time Elapsed 00:01:24.72
