C:\USERS\THECK YEE\DOCUMENTS\CS PROJECT\LISTFUL1\PROJECT6\DEBUG\ADD.OBJ
C:\USERS\THECK YEE\DOCUMENTS\CS PROJECT\LISTFUL1\PROJECT6\DEBUG\CLEAR.OBJ
C:\USERS\THECK YEE\DOCUMENTS\CS PROJECT\LISTFUL1\PROJECT6\DEBUG\DATASTORE.OBJ
C:\USERS\THECK YEE\DOCUMENTS\CS PROJECT\LISTFUL1\PROJECT6\DEBUG\DELETE.OBJ
C:\USERS\THECK YEE\DOCUMENTS\CS PROJECT\LISTFUL1\PROJECT6\DEBUG\DISPLAY.OBJ
C:\USERS\THECK YEE\DOCUMENTS\CS PROJECT\LISTFUL1\PROJECT6\DEBUG\EDIT.OBJ
C:\USERS\THECK YEE\DOCUMENTS\CS PROJECT\LISTFUL1\PROJECT6\DEBUG\LOG.OBJ
C:\USERS\THECK YEE\DOCUMENTS\CS PROJECT\LISTFUL1\PROJECT6\DEBUG\PARSER.OBJ
C:\USERS\THECK YEE\DOCUMENTS\CS PROJECT\LISTFUL1\PROJECT6\DEBUG\MAIN.OBJ
C:\USERS\THECK YEE\DOCUMENTS\CS PROJECT\LISTFUL1\PROJECT6\DEBUG\SORT.OBJ
C:\USERS\THECK YEE\DOCUMENTS\CS PROJECT\LISTFUL1\PROJECT6\DEBUG\USERINTERFACE.OBJ
C:\USERS\THECK YEE\DOCUMENTS\CS PROJECT\LISTFUL1\PROJECT6\DEBUG\VC110.PDB
C:\USERS\THECK YEE\DOCUMENTS\CS PROJECT\LISTFUL1\DEBUG\LISTFUL.ILK
C:\USERS\THECK YEE\DOCUMENTS\CS PROJECT\LISTFUL1\DEBUG\LISTFUL.EXE
C:\USERS\THECK YEE\DOCUMENTS\CS PROJECT\LISTFUL1\DEBUG\LISTFUL.PDB
C:\Users\Theck Yee\Documents\CS Project\Listful1\Project6\Debug\Add.obj
C:\Users\Theck Yee\Documents\CS Project\Listful1\Project6\Debug\Clear.obj
C:\Users\Theck Yee\Documents\CS Project\Listful1\Project6\Debug\DataStore.obj
C:\Users\Theck Yee\Documents\CS Project\Listful1\Project6\Debug\Delete.obj
C:\Users\Theck Yee\Documents\CS Project\Listful1\Project6\Debug\Display.obj
C:\Users\Theck Yee\Documents\CS Project\Listful1\Project6\Debug\Edit.obj
C:\Users\Theck Yee\Documents\CS Project\Listful1\Project6\Debug\Log.obj
C:\Users\Theck Yee\Documents\CS Project\Listful1\Project6\Debug\MAIN.obj
C:\Users\Theck Yee\Documents\CS Project\Listful1\Project6\Debug\Parser.obj
C:\Users\Theck Yee\Documents\CS Project\Listful1\Project6\Debug\Sort.obj
C:\Users\Theck Yee\Documents\CS Project\Listful1\Project6\Debug\UserInterface.obj
C:\Users\Theck Yee\Documents\CS Project\Listful1\Project6\Debug\cl.command.1.tlog
C:\Users\Theck Yee\Documents\CS Project\Listful1\Project6\Debug\CL.read.1.tlog
C:\Users\Theck Yee\Documents\CS Project\Listful1\Project6\Debug\CL.write.1.tlog
C:\Users\Theck Yee\Documents\CS Project\Listful1\Project6\Debug\link-cvtres.read.1.tlog
C:\Users\Theck Yee\Documents\CS Project\Listful1\Project6\Debug\link-cvtres.write.1.tlog
C:\Users\Theck Yee\Documents\CS Project\Listful1\Project6\Debug\link-rc.read.1.tlog
C:\Users\Theck Yee\Documents\CS Project\Listful1\Project6\Debug\link-rc.write.1.tlog
C:\Users\Theck Yee\Documents\CS Project\Listful1\Project6\Debug\link.command.1.tlog
C:\Users\Theck Yee\Documents\CS Project\Listful1\Project6\Debug\link.read.1.tlog
C:\Users\Theck Yee\Documents\CS Project\Listful1\Project6\Debug\link.write.1.tlog
C:\Users\Theck Yee\Documents\CS Project\Listful1\Project6\Debug\vc110.idb
C:\Users\Theck Yee\Documents\CS Project\Listful1\Project6\Debug\vc110.pdb
C:\Users\Theck Yee\Documents\CS Project\Listful1\Debug\Listful.pdb
C:\Users\Theck Yee\Documents\CS Project\Listful1\Debug\Listful.exe
C:\Users\Theck Yee\Documents\CS Project\Listful1\Debug\Listful.ilk
