C:\USERS\GERALD\DESKTOP\LISTFULDRAFT1\LISTFULDRAFT\DEBUG\ADD.OBJ
C:\USERS\GERALD\DESKTOP\LISTFULDRAFT1\LISTFULDRAFT\DEBUG\DATASTORE.OBJ
C:\USERS\GERALD\DESKTOP\LISTFULDRAFT1\LISTFULDRAFT\DEBUG\DATE.OBJ
C:\USERS\GERALD\DESKTOP\LISTFULDRAFT1\LISTFULDRAFT\DEBUG\PARSER.OBJ
C:\USERS\GERALD\DESKTOP\LISTFULDRAFT1\LISTFULDRAFT\DEBUG\MAIN.OBJ
C:\USERS\GERALD\DESKTOP\LISTFULDRAFT1\LISTFULDRAFT\DEBUG\PRIORITY.OBJ
C:\USERS\GERALD\DESKTOP\LISTFULDRAFT1\LISTFULDRAFT\DEBUG\TIME.OBJ
C:\USERS\GERALD\DESKTOP\LISTFULDRAFT1\LISTFULDRAFT\DEBUG\USERINTERFACE.OBJ
C:\USERS\GERALD\DESKTOP\LISTFULDRAFT1\LISTFULDRAFT\DEBUG\VC110.PDB
C:\USERS\GERALD\DESKTOP\LISTFULDRAFT1\DEBUG\LISTFULDRAFT.ILK
C:\USERS\GERALD\DESKTOP\LISTFULDRAFT1\DEBUG\LISTFULDRAFT.EXE
C:\USERS\GERALD\DESKTOP\LISTFULDRAFT1\DEBUG\LISTFULDRAFT.PDB
C:\Users\gerald\Desktop\ListfulDraft1\ListfulDraft\Debug\Add.obj
C:\Users\gerald\Desktop\ListfulDraft1\ListfulDraft\Debug\DataStore.obj
C:\Users\gerald\Desktop\ListfulDraft1\ListfulDraft\Debug\Date.obj
C:\Users\gerald\Desktop\ListfulDraft1\ListfulDraft\Debug\MAIN.obj
C:\Users\gerald\Desktop\ListfulDraft1\ListfulDraft\Debug\Parser.obj
C:\Users\gerald\Desktop\ListfulDraft1\ListfulDraft\Debug\Priority.obj
C:\Users\gerald\Desktop\ListfulDraft1\ListfulDraft\Debug\Time.obj
C:\Users\gerald\Desktop\ListfulDraft1\ListfulDraft\Debug\UserInterface.obj
C:\Users\gerald\Desktop\ListfulDraft1\ListfulDraft\Debug\cl.command.1.tlog
C:\Users\gerald\Desktop\ListfulDraft1\ListfulDraft\Debug\CL.read.1.tlog
C:\Users\gerald\Desktop\ListfulDraft1\ListfulDraft\Debug\CL.write.1.tlog
C:\Users\gerald\Desktop\ListfulDraft1\ListfulDraft\Debug\link-cvtres.read.1.tlog
C:\Users\gerald\Desktop\ListfulDraft1\ListfulDraft\Debug\link-cvtres.write.1.tlog
C:\Users\gerald\Desktop\ListfulDraft1\ListfulDraft\Debug\link-rc.read.1.tlog
C:\Users\gerald\Desktop\ListfulDraft1\ListfulDraft\Debug\link-rc.write.1.tlog
C:\Users\gerald\Desktop\ListfulDraft1\ListfulDraft\Debug\link.command.1.tlog
C:\Users\gerald\Desktop\ListfulDraft1\ListfulDraft\Debug\link.read.1.tlog
C:\Users\gerald\Desktop\ListfulDraft1\ListfulDraft\Debug\link.write.1.tlog
C:\Users\gerald\Desktop\ListfulDraft1\ListfulDraft\Debug\vc110.idb
C:\Users\gerald\Desktop\ListfulDraft1\ListfulDraft\Debug\vc110.pdb
C:\Users\gerald\Desktop\ListfulDraft1\Debug\ListfulDraft.pdb
C:\Users\gerald\Desktop\ListfulDraft1\Debug\ListfulDraft.exe
C:\Users\gerald\Desktop\ListfulDraft1\Debug\ListfulDraft.ilk
