C:\USERS\GERALD\DESKTOP\LISTFUL\JASMINE\LISTFULDRAFT\DEBUG\ADD.OBJ
C:\USERS\GERALD\DESKTOP\LISTFUL\JASMINE\LISTFULDRAFT\DEBUG\CATEGORY.OBJ
C:\USERS\GERALD\DESKTOP\LISTFUL\JASMINE\LISTFULDRAFT\DEBUG\CLEAR.OBJ
C:\USERS\GERALD\DESKTOP\LISTFUL\JASMINE\LISTFULDRAFT\DEBUG\DATASTORE.OBJ
C:\USERS\GERALD\DESKTOP\LISTFUL\JASMINE\LISTFULDRAFT\DEBUG\DATE.OBJ
C:\USERS\GERALD\DESKTOP\LISTFUL\JASMINE\LISTFULDRAFT\DEBUG\DELETE.OBJ
C:\USERS\GERALD\DESKTOP\LISTFUL\JASMINE\LISTFULDRAFT\DEBUG\EDIT.OBJ
C:\USERS\GERALD\DESKTOP\LISTFUL\JASMINE\LISTFULDRAFT\DEBUG\FILELOCATION.OBJ
C:\USERS\GERALD\DESKTOP\LISTFUL\JASMINE\LISTFULDRAFT\DEBUG\PARSER.OBJ
C:\USERS\GERALD\DESKTOP\LISTFUL\JASMINE\LISTFULDRAFT\DEBUG\MAIN.OBJ
C:\USERS\GERALD\DESKTOP\LISTFUL\JASMINE\LISTFULDRAFT\DEBUG\PRIORITY.OBJ
C:\USERS\GERALD\DESKTOP\LISTFUL\JASMINE\LISTFULDRAFT\DEBUG\SEARCH.OBJ
C:\USERS\GERALD\DESKTOP\LISTFUL\JASMINE\LISTFULDRAFT\DEBUG\SORT.OBJ
C:\USERS\GERALD\DESKTOP\LISTFUL\JASMINE\LISTFULDRAFT\DEBUG\TIMING.OBJ
C:\USERS\GERALD\DESKTOP\LISTFUL\JASMINE\LISTFULDRAFT\DEBUG\USERINTERFACE.OBJ
C:\USERS\GERALD\DESKTOP\LISTFUL\JASMINE\LISTFULDRAFT\DEBUG\USERMESSAGE.OBJ
C:\USERS\GERALD\DESKTOP\LISTFUL\JASMINE\LISTFULDRAFT\DEBUG\VC110.PDB
C:\USERS\GERALD\DESKTOP\LISTFUL\JASMINE\DEBUG\LISTFULDRAFT.ILK
C:\USERS\GERALD\DESKTOP\LISTFUL\JASMINE\DEBUG\LISTFULDRAFT.EXE
C:\USERS\GERALD\DESKTOP\LISTFUL\JASMINE\DEBUG\LISTFULDRAFT.PDB
C:\Users\gerald\Desktop\Listful\jasmine\ListfulDraft\Debug\Add.obj
C:\Users\gerald\Desktop\Listful\jasmine\ListfulDraft\Debug\Category.obj
C:\Users\gerald\Desktop\Listful\jasmine\ListfulDraft\Debug\Clear.obj
C:\Users\gerald\Desktop\Listful\jasmine\ListfulDraft\Debug\DataStore.obj
C:\Users\gerald\Desktop\Listful\jasmine\ListfulDraft\Debug\Date.obj
C:\Users\gerald\Desktop\Listful\jasmine\ListfulDraft\Debug\Delete.obj
C:\Users\gerald\Desktop\Listful\jasmine\ListfulDraft\Debug\Edit.obj
C:\Users\gerald\Desktop\Listful\jasmine\ListfulDraft\Debug\FileLocation.obj
C:\Users\gerald\Desktop\Listful\jasmine\ListfulDraft\Debug\MAIN.obj
C:\Users\gerald\Desktop\Listful\jasmine\ListfulDraft\Debug\Parser.obj
C:\Users\gerald\Desktop\Listful\jasmine\ListfulDraft\Debug\Priority.obj
C:\Users\gerald\Desktop\Listful\jasmine\ListfulDraft\Debug\Search.obj
C:\Users\gerald\Desktop\Listful\jasmine\ListfulDraft\Debug\Sort.obj
C:\Users\gerald\Desktop\Listful\jasmine\ListfulDraft\Debug\Timing.obj
C:\Users\gerald\Desktop\Listful\jasmine\ListfulDraft\Debug\UserInterface.obj
C:\Users\gerald\Desktop\Listful\jasmine\ListfulDraft\Debug\UserMessage.obj
C:\Users\gerald\Desktop\Listful\jasmine\ListfulDraft\Debug\cl.command.1.tlog
C:\Users\gerald\Desktop\Listful\jasmine\ListfulDraft\Debug\CL.read.1.tlog
C:\Users\gerald\Desktop\Listful\jasmine\ListfulDraft\Debug\CL.write.1.tlog
C:\Users\gerald\Desktop\Listful\jasmine\ListfulDraft\Debug\link-cvtres.read.1.tlog
C:\Users\gerald\Desktop\Listful\jasmine\ListfulDraft\Debug\link-cvtres.write.1.tlog
C:\Users\gerald\Desktop\Listful\jasmine\ListfulDraft\Debug\link-rc.read.1.tlog
C:\Users\gerald\Desktop\Listful\jasmine\ListfulDraft\Debug\link-rc.write.1.tlog
C:\Users\gerald\Desktop\Listful\jasmine\ListfulDraft\Debug\link.command.1.tlog
C:\Users\gerald\Desktop\Listful\jasmine\ListfulDraft\Debug\link.read.1.tlog
C:\Users\gerald\Desktop\Listful\jasmine\ListfulDraft\Debug\link.write.1.tlog
C:\Users\gerald\Desktop\Listful\jasmine\ListfulDraft\Debug\vc110.idb
C:\Users\gerald\Desktop\Listful\jasmine\ListfulDraft\Debug\vc110.pdb
C:\Users\gerald\Desktop\Listful\jasmine\Debug\ListfulDraft.pdb
C:\Users\gerald\Desktop\Listful\jasmine\Debug\ListfulDraft.exe
C:\Users\gerald\Desktop\Listful\jasmine\Debug\ListfulDraft.ilk
