Build started 3/5/2015 11:41:06 AM.
     1>Project "C:\Users\MONG_KEY\Desktop\CS2103\main\Listful\Listful\Listful.vcxproj" on node 2 (Build target(s)).
     1>ClCompile:
         C:\Program Files (x86)\Microsoft Visual Studio 11.0\VC\bin\CL.exe /c /ZI /nologo /W3 /WX- /Od /Oy- /D _MBCS /Gm /EHsc /RTC1 /MDd /GS /fp:precise /Zc:wchar_t /Zc:forScope /Fo"Debug\\" /Fd"Debug\vc110.pdb" /Gd /TP /analyze- /errorReport:prompt DataStore.cpp Logic.cpp Listful.cpp UI_Main.cpp UserInterface.cpp
         UserInterface.cpp
     1>c:\users\mong_key\desktop\cs2103\main\listful\listful\userinterface.cpp(37): warning C4244: 'argument' : conversion from 'time_t' to 'unsigned int', possible loss of data
         UI_Main.cpp
         Listful.cpp
     1>c:\users\mong_key\desktop\cs2103\main\listful\listful\listful.cpp(1): fatal error C1083: Cannot open include file: 'UI.h': No such file or directory
         Logic.cpp
     1>c:\users\mong_key\desktop\cs2103\main\listful\listful\logic.cpp(23): error C2664: 'void std::vector<_Ty>::push_back(DataStore::Entries &&)' : cannot convert parameter 1 from 'std::string' to 'DataStore::Entries &&'
                 with
                 [
                     _Ty=DataStore::Entries
                 ]
                 Reason: cannot convert from 'std::string' to 'DataStore::Entries'
                 No user-defined-conversion operator available that can perform this conversion, or the operator cannot be called
     1>c:\users\mong_key\desktop\cs2103\main\listful\listful\logic.cpp(24): error C3861: 'updateText': identifier not found
     1>c:\users\mong_key\desktop\cs2103\main\listful\listful\logic.cpp(25): error C2065: 'messageToUser' : undeclared identifier
     1>c:\users\mong_key\desktop\cs2103\main\listful\listful\logic.cpp(25): error C2065: 'MESSAGE_ADD' : undeclared identifier
     1>c:\users\mong_key\desktop\cs2103\main\listful\listful\logic.cpp(25): error C2228: left of '.c_str' must have class/struct/union
                 type is ''unknown-type''
     1>c:\users\mong_key\desktop\cs2103\main\listful\listful\logic.cpp(26): error C2065: 'messageToUser' : undeclared identifier
     1>c:\users\mong_key\desktop\cs2103\main\listful\listful\logic.cpp(26): error C3861: 'output': identifier not found
     1>c:\users\mong_key\desktop\cs2103\main\listful\listful\logic.cpp(32): error C2065: 'file' : undeclared identifier
     1>c:\users\mong_key\desktop\cs2103\main\listful\listful\logic.cpp(32): error C2228: left of '.begin' must have class/struct/union
                 type is ''unknown-type''
     1>c:\users\mong_key\desktop\cs2103\main\listful\listful\logic.cpp(32): error C2228: left of '.end' must have class/struct/union
                 type is ''unknown-type''
     1>c:\users\mong_key\desktop\cs2103\main\listful\listful\logic.cpp(34): error C2065: 'messageToUser' : undeclared identifier
     1>c:\users\mong_key\desktop\cs2103\main\listful\listful\logic.cpp(34): error C2065: 'ERROR_ADD' : undeclared identifier
     1>c:\users\mong_key\desktop\cs2103\main\listful\listful\logic.cpp(34): error C2228: left of '.c_str' must have class/struct/union
                 type is ''unknown-type''
     1>c:\users\mong_key\desktop\cs2103\main\listful\listful\logic.cpp(35): error C2065: 'messageToUser' : undeclared identifier
     1>c:\users\mong_key\desktop\cs2103\main\listful\listful\logic.cpp(35): error C3861: 'output': identifier not found
     1>c:\users\mong_key\desktop\cs2103\main\listful\listful\logic.cpp(45): error C2065: 'contentIndex' : undeclared identifier
     1>c:\users\mong_key\desktop\cs2103\main\listful\listful\logic.cpp(46): error C2065: 'ERROR_DELETE' : undeclared identifier
     1>c:\users\mong_key\desktop\cs2103\main\listful\listful\logic.cpp(46): error C3861: 'output': identifier not found
     1>c:\users\mong_key\desktop\cs2103\main\listful\listful\logic.cpp(50): error C3861: 'isFileEmpty': identifier not found
     1>c:\users\mong_key\desktop\cs2103\main\listful\listful\logic.cpp(54): error C2065: 'contentIndex' : undeclared identifier
     1>c:\users\mong_key\desktop\cs2103\main\listful\listful\logic.cpp(55): error C2065: 'contentIndex' : undeclared identifier
     1>c:\users\mong_key\desktop\cs2103\main\listful\listful\logic.cpp(56): error C3861: 'updateText': identifier not found
     1>c:\users\mong_key\desktop\cs2103\main\listful\listful\logic.cpp(57): error C2065: 'messageToUser' : undeclared identifier
     1>c:\users\mong_key\desktop\cs2103\main\listful\listful\logic.cpp(57): error C2065: 'MESSAGE_DELETE' : undeclared identifier
     1>c:\users\mong_key\desktop\cs2103\main\listful\listful\logic.cpp(57): error C2228: left of '.c_str' must have class/struct/union
                 type is ''unknown-type''
     1>c:\users\mong_key\desktop\cs2103\main\listful\listful\logic.cpp(58): error C2065: 'messageToUser' : undeclared identifier
     1>c:\users\mong_key\desktop\cs2103\main\listful\listful\logic.cpp(58): error C3861: 'output': identifier not found
     1>c:\users\mong_key\desktop\cs2103\main\listful\listful\logic.cpp(61): error C2065: 'messageToUser' : undeclared identifier
     1>c:\users\mong_key\desktop\cs2103\main\listful\listful\logic.cpp(61): error C2065: 'MESSAGE_CLEAR' : undeclared identifier
     1>c:\users\mong_key\desktop\cs2103\main\listful\listful\logic.cpp(61): error C2228: left of '.c_str' must have class/struct/union
                 type is ''unknown-type''
     1>c:\users\mong_key\desktop\cs2103\main\listful\listful\logic.cpp(62): error C2065: 'messageToUser' : undeclared identifier
     1>c:\users\mong_key\desktop\cs2103\main\listful\listful\logic.cpp(62): error C3861: 'output': identifier not found
     1>c:\users\mong_key\desktop\cs2103\main\listful\listful\logic.cpp(67): error C3861: 'isFileEmpty': identifier not found
     1>c:\users\mong_key\desktop\cs2103\main\listful\listful\logic.cpp(72): error C3861: 'updateText': identifier not found
     1>c:\users\mong_key\desktop\cs2103\main\listful\listful\logic.cpp(73): error C2065: 'messageToUser' : undeclared identifier
     1>c:\users\mong_key\desktop\cs2103\main\listful\listful\logic.cpp(73): error C2065: 'MESSAGE_CLEAR' : undeclared identifier
     1>c:\users\mong_key\desktop\cs2103\main\listful\listful\logic.cpp(73): error C2228: left of '.c_str' must have class/struct/union
                 type is ''unknown-type''
     1>c:\users\mong_key\desktop\cs2103\main\listful\listful\logic.cpp(74): error C2065: 'messageToUser' : undeclared identifier
     1>c:\users\mong_key\desktop\cs2103\main\listful\listful\logic.cpp(74): error C3861: 'output': identifier not found
     1>c:\users\mong_key\desktop\cs2103\main\listful\listful\logic.cpp(88): warning C4018: '<' : signed/unsigned mismatch
     1>c:\users\mong_key\desktop\cs2103\main\listful\listful\logic.cpp(146): error C3861: 'isFileEmpty': identifier not found
     1>c:\users\mong_key\desktop\cs2103\main\listful\listful\logic.cpp(150): error C2065: 'file' : undeclared identifier
     1>c:\users\mong_key\desktop\cs2103\main\listful\listful\logic.cpp(150): error C2228: left of '.size' must have class/struct/union
                 type is ''unknown-type''
     1>c:\users\mong_key\desktop\cs2103\main\listful\listful\logic.cpp(152): error C2065: 'file' : undeclared identifier
     1>c:\users\mong_key\desktop\cs2103\main\listful\listful\logic.cpp(155): error C2065: 'file' : undeclared identifier
     1>c:\users\mong_key\desktop\cs2103\main\listful\listful\logic.cpp(159): error C2065: 'file' : undeclared identifier
     1>c:\users\mong_key\desktop\cs2103\main\listful\listful\logic.cpp(163): error C3861: 'updateText': identifier not found
     1>c:\users\mong_key\desktop\cs2103\main\listful\listful\logic.cpp(164): error C2065: 'messageToUser' : undeclared identifier
     1>c:\users\mong_key\desktop\cs2103\main\listful\listful\logic.cpp(164): error C2065: 'MESSAGE_SORT' : undeclared identifier
     1>c:\users\mong_key\desktop\cs2103\main\listful\listful\logic.cpp(164): error C2228: left of '.c_str' must have class/struct/union
                 type is ''unknown-type''
     1>c:\users\mong_key\desktop\cs2103\main\listful\listful\logic.cpp(165): error C2065: 'messageToUser' : undeclared identifier
     1>c:\users\mong_key\desktop\cs2103\main\listful\listful\logic.cpp(165): error C3861: 'output': identifier not found
     1>c:\users\mong_key\desktop\cs2103\main\listful\listful\logic.cpp(169): error C2065: 'tempItems' : undeclared identifier
     1>c:\users\mong_key\desktop\cs2103\main\listful\listful\logic.cpp(169): error C2228: left of '.clear' must have class/struct/union
                 type is ''unknown-type''
     1>c:\users\mong_key\desktop\cs2103\main\listful\listful\logic.cpp(171): error C2065: 'file' : undeclared identifier
     1>c:\users\mong_key\desktop\cs2103\main\listful\listful\logic.cpp(171): error C2228: left of '.size' must have class/struct/union
                 type is ''unknown-type''
     1>c:\users\mong_key\desktop\cs2103\main\listful\listful\logic.cpp(173): error C2065: 'tempItems' : undeclared identifier
     1>c:\users\mong_key\desktop\cs2103\main\listful\listful\logic.cpp(173): error C2228: left of '.push_back' must have class/struct/union
                 type is ''unknown-type''
     1>c:\users\mong_key\desktop\cs2103\main\listful\listful\logic.cpp(173): error C2065: 'file' : undeclared identifier
     1>c:\users\mong_key\desktop\cs2103\main\listful\listful\logic.cpp(176): error C2065: 'tempItems' : undeclared identifier
     1>c:\users\mong_key\desktop\cs2103\main\listful\listful\logic.cpp(176): error C2228: left of '.push_back' must have class/struct/union
                 type is ''unknown-type''
     1>c:\users\mong_key\desktop\cs2103\main\listful\listful\logic.cpp(176): error C2065: 'file' : undeclared identifier
     1>c:\users\mong_key\desktop\cs2103\main\listful\listful\logic.cpp(177): error C2065: 'tempItems' : undeclared identifier
     1>c:\users\mong_key\desktop\cs2103\main\listful\listful\logic.cpp(177): error C2228: left of '.push_back' must have class/struct/union
                 type is ''unknown-type''
     1>c:\users\mong_key\desktop\cs2103\main\listful\listful\logic.cpp(177): error C2065: 'file' : undeclared identifier
     1>c:\users\mong_key\desktop\cs2103\main\listful\listful\logic.cpp(180): error C2065: 'tempItems' : undeclared identifier
     1>c:\users\mong_key\desktop\cs2103\main\listful\listful\logic.cpp(180): error C2228: left of '.push_back' must have class/struct/union
                 type is ''unknown-type''
     1>c:\users\mong_key\desktop\cs2103\main\listful\listful\logic.cpp(180): error C2065: 'file' : undeclared identifier
     1>c:\users\mong_key\desktop\cs2103\main\listful\listful\logic.cpp(183): error C2065: 'tempItems' : undeclared identifier
     1>c:\users\mong_key\desktop\cs2103\main\listful\listful\logic.cpp(188): error C3861: 'isFileEmpty': identifier not found
     1>c:\users\mong_key\desktop\cs2103\main\listful\listful\logic.cpp(197): error C2065: 'messageToUser' : undeclared identifier
     1>c:\users\mong_key\desktop\cs2103\main\listful\listful\logic.cpp(197): error C2065: 'ERROR_SEARCH' : undeclared identifier
     1>c:\users\mong_key\desktop\cs2103\main\listful\listful\logic.cpp(197): error C2228: left of '.c_str' must have class/struct/union
                 type is ''unknown-type''
     1>c:\users\mong_key\desktop\cs2103\main\listful\listful\logic.cpp(198): error C2065: 'messageToUser' : undeclared identifier
     1>c:\users\mong_key\desktop\cs2103\main\listful\listful\logic.cpp(198): error C3861: 'output': identifier not found
     1>c:\users\mong_key\desktop\cs2103\main\listful\listful\logic.cpp(204): error C2065: 'tempItems' : undeclared identifier
     1>c:\users\mong_key\desktop\cs2103\main\listful\listful\logic.cpp(204): error C2228: left of '.clear' must have class/struct/union
                 type is ''unknown-type''
     1>c:\users\mong_key\desktop\cs2103\main\listful\listful\logic.cpp(206): error C2065: 'file' : undeclared identifier
     1>c:\users\mong_key\desktop\cs2103\main\listful\listful\logic.cpp(206): error C2228: left of '.begin' must have class/struct/union
                 type is ''unknown-type''
     1>c:\users\mong_key\desktop\cs2103\main\listful\listful\logic.cpp(206): error C2228: left of '.end' must have class/struct/union
                 type is ''unknown-type''
     1>c:\users\mong_key\desktop\cs2103\main\listful\listful\logic.cpp(211): error C2065: 'tempItems' : undeclared identifier
     1>c:\users\mong_key\desktop\cs2103\main\listful\listful\logic.cpp(211): error C2228: left of '.push_back' must have class/struct/union
                 type is ''unknown-type''
     1>c:\users\mong_key\desktop\cs2103\main\listful\listful\logic.cpp(215): error C2065: 'tempItems' : undeclared identifier
     1>c:\users\mong_key\desktop\cs2103\main\listful\listful\logic.cpp(215): error C2228: left of '.empty' must have class/struct/union
                 type is ''unknown-type''
         DataStore.cpp
     1>c:\users\mong_key\desktop\cs2103\main\listful\listful\datastore.cpp(63): error C2065: 'input' : undeclared identifier
     1>c:\users\mong_key\desktop\cs2103\main\listful\listful\datastore.cpp(64): error C2065: 'input' : undeclared identifier
     1>c:\users\mong_key\desktop\cs2103\main\listful\listful\datastore.cpp(64): error C3861: 'addContent': identifier not found
     1>c:\users\mong_key\desktop\cs2103\main\listful\listful\datastore.cpp(68): error C2065: 'index' : undeclared identifier
     1>c:\users\mong_key\desktop\cs2103\main\listful\listful\datastore.cpp(69): error C3861: 'deleteContent': identifier not found
     1>c:\users\mong_key\desktop\cs2103\main\listful\listful\datastore.cpp(73): error C3861: 'clearContent': identifier not found
     1>c:\users\mong_key\desktop\cs2103\main\listful\listful\datastore.cpp(77): error C3861: 'displayContent': identifier not found
     1>c:\users\mong_key\desktop\cs2103\main\listful\listful\datastore.cpp(80): error C2065: 'SORT' : undeclared identifier
     1>c:\users\mong_key\desktop\cs2103\main\listful\listful\datastore.cpp(80): error C2051: case expression not constant
     1>c:\users\mong_key\desktop\cs2103\main\listful\listful\datastore.cpp(81): error C3861: 'sortFile': identifier not found
     1>c:\users\mong_key\desktop\cs2103\main\listful\listful\datastore.cpp(86): error C2065: 'input' : undeclared identifier
     1>c:\users\mong_key\desktop\cs2103\main\listful\listful\datastore.cpp(87): error C2065: 'result' : undeclared identifier
     1>c:\users\mong_key\desktop\cs2103\main\listful\listful\datastore.cpp(87): error C2065: 'input' : undeclared identifier
     1>c:\users\mong_key\desktop\cs2103\main\listful\listful\datastore.cpp(87): error C3861: 'searchFile': identifier not found
     1>c:\users\mong_key\desktop\cs2103\main\listful\listful\datastore.cpp(91): error C2065: 'buffer' : undeclared identifier
     1>c:\users\mong_key\desktop\cs2103\main\listful\listful\datastore.cpp(91): error C2065: 'ERROR_COMMAND' : undeclared identifier
     1>c:\users\mong_key\desktop\cs2103\main\listful\listful\datastore.cpp(91): error C2228: left of '.c_str' must have class/struct/union
                 type is ''unknown-type''
     1>c:\users\mong_key\desktop\cs2103\main\listful\listful\datastore.cpp(92): error C2065: 'buffer' : undeclared identifier
     1>c:\users\mong_key\desktop\cs2103\main\listful\listful\datastore.cpp(92): error C3861: 'print': identifier not found
     1>c:\users\mong_key\desktop\cs2103\main\listful\listful\datastore.cpp(104): error C2084: function 'DataStore::DataStore(void)' already has a body
                 c:\users\mong_key\desktop\cs2103\main\listful\listful\datastore.h(37) : see previous definition of '{ctor}'
     1>c:\users\mong_key\desktop\cs2103\main\listful\listful\datastore.cpp(108): error C2600: 'DataStore::~DataStore' : cannot define a compiler-generated special member function (must be declared in the class first)
         Generating Code...
     1>Done Building Project "C:\Users\MONG_KEY\Desktop\CS2103\main\Listful\Listful\Listful.vcxproj" (Build target(s)) -- FAILED.

Build FAILED.

Time Elapsed 00:00:05.61
