Build started 14/4/2015 12:21:41 AM.
     1>Project "C:\Users\yyyueying\Documents\Visual Studio 2012\Projects\Listful\Latest\ListfulDraft\ListfulDraft.vcxproj" on node 2 (Build target(s)).
     1>C:\Program Files (x86)\MSBuild\Microsoft.Cpp\v4.0\V110\Microsoft.CppBuild.targets(345,5): warning MSB8004: Intermediate Directory does not end with a trailing slash.  This build instance will add the slash as it is required to allow proper evaluation of the Intermediate Directory.
     1>C:\Program Files (x86)\MSBuild\Microsoft.Cpp\v4.0\V110\Microsoft.CppBuild.targets(346,5): warning MSB8004: Output Directory does not end with a trailing slash.  This build instance will add the slash as it is required to allow proper evaluation of the Output Directory.
     1>ClCompile:
         C:\Program Files (x86)\Microsoft Visual Studio 11.0\VC\bin\CL.exe /c /ZI /nologo /W3 /WX- /Od /Oy- /D _MBCS /Gm /EHsc /RTC1 /MDd /GS /fp:precise /Zc:wchar_t /Zc:forScope /Fo"..\Debug\\" /Fd"..\Debug\vc110.pdb" /Gd /TP /analyze- /errorReport:prompt Add.cpp Category.cpp Classes.cpp Clear.cpp DataStore.cpp Date.cpp Delete.cpp Edit.cpp FileLocation.cpp Log.cpp MAIN.cpp Parser.cpp ParserFacade.cpp Priority.cpp Search.cpp Sort.cpp Timing.cpp UserInterface.cpp UserMessage.cpp
         UserMessage.cpp
         UserInterface.cpp
     1>c:\users\yyyueying\documents\visual studio 2012\projects\listful\latest\listfuldraft\userinterface.cpp(310): warning C4244: 'argument' : conversion from 'time_t' to 'unsigned int', possible loss of data
     1>c:\users\yyyueying\documents\visual studio 2012\projects\listful\latest\listfuldraft\userinterface.cpp(343): warning C4018: '<' : signed/unsigned mismatch
         Timing.cpp
     1>c:\users\yyyueying\documents\visual studio 2012\projects\listful\latest\listfuldraft\timing.cpp(281): warning C4018: '<' : signed/unsigned mismatch
         Sort.cpp
     1>c:\users\yyyueying\documents\visual studio 2012\projects\listful\latest\listfuldraft\sort.cpp(33): warning C4018: '<' : signed/unsigned mismatch
     1>c:\users\yyyueying\documents\visual studio 2012\projects\listful\latest\listfuldraft\sort.cpp(61): warning C4018: '<' : signed/unsigned mismatch
     1>c:\users\yyyueying\documents\visual studio 2012\projects\listful\latest\listfuldraft\sort.cpp(105): warning C4018: '<' : signed/unsigned mismatch
     1>c:\users\yyyueying\documents\visual studio 2012\projects\listful\latest\listfuldraft\sort.cpp(138): warning C4018: '<' : signed/unsigned mismatch
     1>c:\users\yyyueying\documents\visual studio 2012\projects\listful\latest\listfuldraft\sort.cpp(161): warning C4018: '<' : signed/unsigned mismatch
     1>c:\users\yyyueying\documents\visual studio 2012\projects\listful\latest\listfuldraft\sort.cpp(176): warning C4018: '<' : signed/unsigned mismatch
     1>c:\users\yyyueying\documents\visual studio 2012\projects\listful\latest\listfuldraft\sort.cpp(213): warning C4018: '<' : signed/unsigned mismatch
     1>c:\users\yyyueying\documents\visual studio 2012\projects\listful\latest\listfuldraft\sort.cpp(244): warning C4018: '<' : signed/unsigned mismatch
         Search.cpp
     1>c:\users\yyyueying\documents\visual studio 2012\projects\listful\latest\listfuldraft\search.cpp(78): warning C4018: '<' : signed/unsigned mismatch
     1>c:\users\yyyueying\documents\visual studio 2012\projects\listful\latest\listfuldraft\search.cpp(99): warning C4018: '<' : signed/unsigned mismatch
     1>c:\users\yyyueying\documents\visual studio 2012\projects\listful\latest\listfuldraft\search.cpp(122): warning C4018: '<' : signed/unsigned mismatch
     1>c:\users\yyyueying\documents\visual studio 2012\projects\listful\latest\listfuldraft\search.cpp(149): warning C4018: '<' : signed/unsigned mismatch
     1>c:\users\yyyueying\documents\visual studio 2012\projects\listful\latest\listfuldraft\search.cpp(159): warning C4018: '<' : signed/unsigned mismatch
     1>c:\users\yyyueying\documents\visual studio 2012\projects\listful\latest\listfuldraft\search.cpp(169): warning C4018: '<' : signed/unsigned mismatch
     1>c:\users\yyyueying\documents\visual studio 2012\projects\listful\latest\listfuldraft\search.cpp(199): warning C4018: '<' : signed/unsigned mismatch
     1>c:\users\yyyueying\documents\visual studio 2012\projects\listful\latest\listfuldraft\search.cpp(209): warning C4018: '<' : signed/unsigned mismatch
     1>c:\users\yyyueying\documents\visual studio 2012\projects\listful\latest\listfuldraft\search.cpp(218): warning C4018: '<' : signed/unsigned mismatch
     1>c:\users\yyyueying\documents\visual studio 2012\projects\listful\latest\listfuldraft\search.cpp(244): warning C4018: '<' : signed/unsigned mismatch
     1>c:\users\yyyueying\documents\visual studio 2012\projects\listful\latest\listfuldraft\search.cpp(251): warning C4018: '<' : signed/unsigned mismatch
     1>c:\users\yyyueying\documents\visual studio 2012\projects\listful\latest\listfuldraft\search.cpp(258): warning C4018: '<' : signed/unsigned mismatch
     1>c:\users\yyyueying\documents\visual studio 2012\projects\listful\latest\listfuldraft\search.cpp(285): warning C4018: '<' : signed/unsigned mismatch
     1>c:\users\yyyueying\documents\visual studio 2012\projects\listful\latest\listfuldraft\search.cpp(289): warning C4018: '<' : signed/unsigned mismatch
     1>c:\users\yyyueying\documents\visual studio 2012\projects\listful\latest\listfuldraft\search.cpp(299): warning C4018: '<' : signed/unsigned mismatch
     1>c:\users\yyyueying\documents\visual studio 2012\projects\listful\latest\listfuldraft\search.cpp(327): warning C4018: '<' : signed/unsigned mismatch
     1>c:\users\yyyueying\documents\visual studio 2012\projects\listful\latest\listfuldraft\search.cpp(331): warning C4018: '<' : signed/unsigned mismatch
     1>c:\users\yyyueying\documents\visual studio 2012\projects\listful\latest\listfuldraft\search.cpp(341): warning C4018: '<' : signed/unsigned mismatch
     1>c:\users\yyyueying\documents\visual studio 2012\projects\listful\latest\listfuldraft\search.cpp(361): warning C4018: '>' : signed/unsigned mismatch
     1>c:\users\yyyueying\documents\visual studio 2012\projects\listful\latest\listfuldraft\search.cpp(377): warning C4018: '>' : signed/unsigned mismatch
     1>c:\users\yyyueying\documents\visual studio 2012\projects\listful\latest\listfuldraft\search.cpp(483): warning C4018: '<' : signed/unsigned mismatch
     1>c:\users\yyyueying\documents\visual studio 2012\projects\listful\latest\listfuldraft\search.cpp(520): warning C4018: '<' : signed/unsigned mismatch
     1>c:\users\yyyueying\documents\visual studio 2012\projects\listful\latest\listfuldraft\search.cpp(524): warning C4018: '<' : signed/unsigned mismatch
     1>c:\users\yyyueying\documents\visual studio 2012\projects\listful\latest\listfuldraft\search.cpp(533): warning C4018: '<' : signed/unsigned mismatch
     1>c:\users\yyyueying\documents\visual studio 2012\projects\listful\latest\listfuldraft\search.cpp(561): warning C4018: '<' : signed/unsigned mismatch
     1>c:\users\yyyueying\documents\visual studio 2012\projects\listful\latest\listfuldraft\search.cpp(574): warning C4018: '<' : signed/unsigned mismatch
     1>c:\users\yyyueying\documents\visual studio 2012\projects\listful\latest\listfuldraft\search.cpp(587): warning C4018: '<' : signed/unsigned mismatch
     1>c:\users\yyyueying\documents\visual studio 2012\projects\listful\latest\listfuldraft\search.cpp(615): warning C4018: '<' : signed/unsigned mismatch
     1>c:\users\yyyueying\documents\visual studio 2012\projects\listful\latest\listfuldraft\search.cpp(624): warning C4018: '<' : signed/unsigned mismatch
     1>c:\users\yyyueying\documents\visual studio 2012\projects\listful\latest\listfuldraft\search.cpp(633): warning C4018: '<' : signed/unsigned mismatch
     1>c:\users\yyyueying\documents\visual studio 2012\projects\listful\latest\listfuldraft\search.cpp(658): warning C4018: '<' : signed/unsigned mismatch
     1>c:\users\yyyueying\documents\visual studio 2012\projects\listful\latest\listfuldraft\search.cpp(667): warning C4018: '<' : signed/unsigned mismatch
     1>c:\users\yyyueying\documents\visual studio 2012\projects\listful\latest\listfuldraft\search.cpp(676): warning C4018: '<' : signed/unsigned mismatch
     1>c:\users\yyyueying\documents\visual studio 2012\projects\listful\latest\listfuldraft\search.cpp(702): warning C4018: '<' : signed/unsigned mismatch
     1>c:\users\yyyueying\documents\visual studio 2012\projects\listful\latest\listfuldraft\search.cpp(706): warning C4018: '<' : signed/unsigned mismatch
     1>c:\users\yyyueying\documents\visual studio 2012\projects\listful\latest\listfuldraft\search.cpp(718): warning C4018: '<' : signed/unsigned mismatch
     1>c:\users\yyyueying\documents\visual studio 2012\projects\listful\latest\listfuldraft\search.cpp(747): warning C4018: '<' : signed/unsigned mismatch
     1>c:\users\yyyueying\documents\visual studio 2012\projects\listful\latest\listfuldraft\search.cpp(751): warning C4018: '<' : signed/unsigned mismatch
     1>c:\users\yyyueying\documents\visual studio 2012\projects\listful\latest\listfuldraft\search.cpp(761): warning C4018: '<' : signed/unsigned mismatch
     1>c:\users\yyyueying\documents\visual studio 2012\projects\listful\latest\listfuldraft\search.cpp(806): warning C4018: '<' : signed/unsigned mismatch
     1>c:\users\yyyueying\documents\visual studio 2012\projects\listful\latest\listfuldraft\search.cpp(813): warning C4018: '<' : signed/unsigned mismatch
     1>c:\users\yyyueying\documents\visual studio 2012\projects\listful\latest\listfuldraft\search.cpp(820): warning C4018: '<' : signed/unsigned mismatch
     1>c:\users\yyyueying\documents\visual studio 2012\projects\listful\latest\listfuldraft\search.cpp(902): warning C4018: '<' : signed/unsigned mismatch
     1>c:\users\yyyueying\documents\visual studio 2012\projects\listful\latest\listfuldraft\search.cpp(937): warning C4018: '>' : signed/unsigned mismatch
     1>c:\users\yyyueying\documents\visual studio 2012\projects\listful\latest\listfuldraft\search.cpp(941): warning C4018: '>' : signed/unsigned mismatch
     1>c:\users\yyyueying\documents\visual studio 2012\projects\listful\latest\listfuldraft\search.cpp(961): warning C4018: '>' : signed/unsigned mismatch
         Priority.cpp
         ParserFacade.cpp
         Parser.cpp
     1>c:\users\yyyueying\documents\visual studio 2012\projects\listful\latest\listfuldraft\parser.cpp(106): warning C4553: '==' : operator has no effect; did you intend '='?
     1>c:\users\yyyueying\documents\visual studio 2012\projects\listful\latest\listfuldraft\parser.cpp(432): warning C4018: '<' : signed/unsigned mismatch
         MAIN.cpp
         Log.cpp
         FileLocation.cpp
         Edit.cpp
     1>c:\users\yyyueying\documents\visual studio 2012\projects\listful\latest\listfuldraft\edit.cpp(9): warning C4018: '<' : signed/unsigned mismatch
     1>c:\users\yyyueying\documents\visual studio 2012\projects\listful\latest\listfuldraft\edit.cpp(44): warning C4018: '>' : signed/unsigned mismatch
     1>c:\users\yyyueying\documents\visual studio 2012\projects\listful\latest\listfuldraft\edit.cpp(243): warning C4018: '<' : signed/unsigned mismatch
     1>c:\users\yyyueying\documents\visual studio 2012\projects\listful\latest\listfuldraft\edit.cpp(257): warning C4018: '<' : signed/unsigned mismatch
         Delete.cpp
     1>c:\users\yyyueying\documents\visual studio 2012\projects\listful\latest\listfuldraft\delete.cpp(25): warning C4018: '>' : signed/unsigned mismatch
     1>c:\users\yyyueying\documents\visual studio 2012\projects\listful\latest\listfuldraft\delete.cpp(89): warning C4018: '<' : signed/unsigned mismatch
     1>c:\users\yyyueying\documents\visual studio 2012\projects\listful\latest\listfuldraft\delete.cpp(108): warning C4018: '<' : signed/unsigned mismatch
     1>c:\users\yyyueying\documents\visual studio 2012\projects\listful\latest\listfuldraft\delete.cpp(122): warning C4018: '<' : signed/unsigned mismatch
         Date.cpp
     1>c:\users\yyyueying\documents\visual studio 2012\projects\listful\latest\listfuldraft\date.cpp(84): warning C4018: '<' : signed/unsigned mismatch
         DataStore.cpp
         Clear.cpp
         Classes.cpp
         Category.cpp
         Add.cpp
         Generating Code...
       Link:
         C:\Program Files (x86)\Microsoft Visual Studio 11.0\VC\bin\link.exe /ERRORREPORT:PROMPT /OUT:"..\ListfulDraft.exe" /INCREMENTAL /NOLOGO kernel32.lib user32.lib gdi32.lib winspool.lib comdlg32.lib advapi32.lib shell32.lib ole32.lib oleaut32.lib uuid.lib odbc32.lib odbccp32.lib /MANIFEST /MANIFESTUAC:"level='asInvoker' uiAccess='false'" /manifest:embed /DEBUG /PDB:"..\ListfulDraft.pdb" /TLBID:1 /DYNAMICBASE /NXCOMPAT /IMPLIB:"..\ListfulDraft.lib" /MACHINE:X86 ..\Debug\Add.obj
         ..\Debug\Category.obj
         ..\Debug\Clear.obj
         ..\Debug\DataStore.obj
         ..\Debug\Date.obj
         ..\Debug\Delete.obj
         ..\Debug\Edit.obj
         ..\Debug\FileLocation.obj
         ..\Debug\Log.obj
         ..\Debug\Parser.obj
         ..\Debug\MAIN.obj
         ..\Debug\ParserFacade.obj
         ..\Debug\Priority.obj
         ..\Debug\Sort.obj
         ..\Debug\Classes.obj
         ..\Debug\Search.obj
         ..\Debug\Timing.obj
         ..\Debug\UserInterface.obj
         ..\Debug\UserMessage.obj
         ListfulDraft.vcxproj -> C:\Users\yyyueying\Documents\Visual Studio 2012\Projects\Listful\Latest\ListfulDraft\..\ListfulDraft.exe
     1>Done Building Project "C:\Users\yyyueying\Documents\Visual Studio 2012\Projects\Listful\Latest\ListfulDraft\ListfulDraft.vcxproj" (Build target(s)).

Build succeeded.

Time Elapsed 00:01:12.65
