C:\USERS\GERALD\DESKTOP\MAIN\LATEST\DEBUG\ADD.OBJ
C:\USERS\GERALD\DESKTOP\MAIN\LATEST\DEBUG\CATEGORY.OBJ
C:\USERS\GERALD\DESKTOP\MAIN\LATEST\DEBUG\CLEAR.OBJ
C:\USERS\GERALD\DESKTOP\MAIN\LATEST\DEBUG\DATASTORE.OBJ
C:\USERS\GERALD\DESKTOP\MAIN\LATEST\DEBUG\DATE.OBJ
C:\USERS\GERALD\DESKTOP\MAIN\LATEST\DEBUG\DELETE.OBJ
C:\USERS\GERALD\DESKTOP\MAIN\LATEST\DEBUG\EDIT.OBJ
C:\USERS\GERALD\DESKTOP\MAIN\LATEST\DEBUG\FILELOCATION.OBJ
C:\USERS\GERALD\DESKTOP\MAIN\LATEST\DEBUG\LOG.OBJ
C:\USERS\GERALD\DESKTOP\MAIN\LATEST\DEBUG\PARSER.OBJ
C:\USERS\GERALD\DESKTOP\MAIN\LATEST\DEBUG\MAIN.OBJ
C:\USERS\GERALD\DESKTOP\MAIN\LATEST\DEBUG\PARSERFACADE.OBJ
C:\USERS\GERALD\DESKTOP\MAIN\LATEST\DEBUG\PRIORITY.OBJ
C:\USERS\GERALD\DESKTOP\MAIN\LATEST\DEBUG\SORT.OBJ
C:\USERS\GERALD\DESKTOP\MAIN\LATEST\DEBUG\CLASSES.OBJ
C:\USERS\GERALD\DESKTOP\MAIN\LATEST\DEBUG\SEARCH.OBJ
C:\USERS\GERALD\DESKTOP\MAIN\LATEST\DEBUG\TIMING.OBJ
C:\USERS\GERALD\DESKTOP\MAIN\LATEST\DEBUG\USERINTERFACE.OBJ
C:\USERS\GERALD\DESKTOP\MAIN\LATEST\DEBUG\USERMESSAGE.OBJ
C:\USERS\GERALD\DESKTOP\MAIN\LATEST\DEBUG\VC110.PDB
C:\USERS\GERALD\DOCUMENTS\MAIN\LATEST\DEBUG\ADD.OBJ
C:\USERS\GERALD\DOCUMENTS\MAIN\LATEST\DEBUG\CATEGORY.OBJ
C:\USERS\GERALD\DOCUMENTS\MAIN\LATEST\DEBUG\CLEAR.OBJ
C:\USERS\GERALD\DOCUMENTS\MAIN\LATEST\DEBUG\DATASTORE.OBJ
C:\USERS\GERALD\DOCUMENTS\MAIN\LATEST\DEBUG\DATE.OBJ
C:\USERS\GERALD\DOCUMENTS\MAIN\LATEST\DEBUG\DELETE.OBJ
C:\USERS\GERALD\DOCUMENTS\MAIN\LATEST\DEBUG\EDIT.OBJ
C:\USERS\GERALD\DOCUMENTS\MAIN\LATEST\DEBUG\FILELOCATION.OBJ
C:\USERS\GERALD\DOCUMENTS\MAIN\LATEST\DEBUG\LOG.OBJ
C:\USERS\GERALD\DOCUMENTS\MAIN\LATEST\DEBUG\PARSER.OBJ
C:\USERS\GERALD\DOCUMENTS\MAIN\LATEST\DEBUG\MAIN.OBJ
C:\USERS\GERALD\DOCUMENTS\MAIN\LATEST\DEBUG\PARSERFACADE.OBJ
C:\USERS\GERALD\DOCUMENTS\MAIN\LATEST\DEBUG\PRIORITY.OBJ
C:\USERS\GERALD\DOCUMENTS\MAIN\LATEST\DEBUG\SORT.OBJ
C:\USERS\GERALD\DOCUMENTS\MAIN\LATEST\DEBUG\CLASSES.OBJ
C:\USERS\GERALD\DOCUMENTS\MAIN\LATEST\DEBUG\SEARCH.OBJ
C:\USERS\GERALD\DOCUMENTS\MAIN\LATEST\DEBUG\TIMING.OBJ
C:\USERS\GERALD\DOCUMENTS\MAIN\LATEST\DEBUG\USERINTERFACE.OBJ
C:\USERS\GERALD\DOCUMENTS\MAIN\LATEST\DEBUG\USERMESSAGE.OBJ
C:\USERS\GERALD\DOCUMENTS\MAIN\LATEST\DEBUG\VC110.PDB
C:\USERS\GERALD\DESKTOP\MAIN\LATEST\LISTFULDRAFT.ILK
C:\USERS\GERALD\DESKTOP\MAIN\LATEST\LISTFULDRAFT.EXE
C:\USERS\GERALD\DESKTOP\MAIN\LATEST\LISTFULDRAFT.PDB
C:\USERS\GERALD\DOCUMENTS\MAIN\LATEST\LISTFULDRAFT.ILK
C:\USERS\GERALD\DOCUMENTS\MAIN\LATEST\LISTFULDRAFT.EXE
C:\USERS\GERALD\DOCUMENTS\MAIN\LATEST\LISTFULDRAFT.PDB
C:\Users\gerald\Documents\main\Latest\Debug\Add.obj
C:\Users\gerald\Documents\main\Latest\Debug\Category.obj
C:\Users\gerald\Documents\main\Latest\Debug\Classes.obj
C:\Users\gerald\Documents\main\Latest\Debug\Clear.obj
C:\Users\gerald\Documents\main\Latest\Debug\DataStore.obj
C:\Users\gerald\Documents\main\Latest\Debug\Date.obj
C:\Users\gerald\Documents\main\Latest\Debug\Delete.obj
C:\Users\gerald\Documents\main\Latest\Debug\Edit.obj
C:\Users\gerald\Documents\main\Latest\Debug\FileLocation.obj
C:\Users\gerald\Documents\main\Latest\Debug\Log.obj
C:\Users\gerald\Documents\main\Latest\Debug\MAIN.obj
C:\Users\gerald\Documents\main\Latest\Debug\Parser.obj
C:\Users\gerald\Documents\main\Latest\Debug\ParserFacade.obj
C:\Users\gerald\Documents\main\Latest\Debug\Priority.obj
C:\Users\gerald\Documents\main\Latest\Debug\Search.obj
C:\Users\gerald\Documents\main\Latest\Debug\Sort.obj
C:\Users\gerald\Documents\main\Latest\Debug\Timing.obj
C:\Users\gerald\Documents\main\Latest\Debug\UserInterface.obj
C:\Users\gerald\Documents\main\Latest\Debug\UserMessage.obj
C:\Users\gerald\Documents\main\Latest\Debug\cl.command.1.tlog
C:\Users\gerald\Documents\main\Latest\Debug\CL.read.1.tlog
C:\Users\gerald\Documents\main\Latest\Debug\CL.write.1.tlog
C:\Users\gerald\Documents\main\Latest\Debug\link-cvtres.read.1.tlog
C:\Users\gerald\Documents\main\Latest\Debug\link-cvtres.write.1.tlog
C:\Users\gerald\Documents\main\Latest\Debug\link-rc.read.1.tlog
C:\Users\gerald\Documents\main\Latest\Debug\link-rc.write.1.tlog
C:\Users\gerald\Documents\main\Latest\Debug\link.9620-cvtres.read.1.tlog
C:\Users\gerald\Documents\main\Latest\Debug\link.9620-cvtres.write.1.tlog
C:\Users\gerald\Documents\main\Latest\Debug\link.9620-rc.read.1.tlog
C:\Users\gerald\Documents\main\Latest\Debug\link.9620-rc.write.1.tlog
C:\Users\gerald\Documents\main\Latest\Debug\link.9620.read.1.tlog
C:\Users\gerald\Documents\main\Latest\Debug\link.9620.write.1.tlog
C:\Users\gerald\Documents\main\Latest\Debug\link.command.1.tlog
C:\Users\gerald\Documents\main\Latest\Debug\link.read.1.tlog
C:\Users\gerald\Documents\main\Latest\Debug\link.write.1.tlog
C:\Users\gerald\Documents\main\Latest\Debug\vc110.idb
C:\Users\gerald\Documents\main\Latest\Debug\vc110.pdb
C:\Users\gerald\Documents\main\Latest\Debug\..\ListfulDraft.pdb
C:\Users\gerald\Documents\main\Latest\Debug\..\ListfulDraft.ilk
