Build started 23/3/2015 7:42:27 PM.
     1>Project "D:\Programming\ListfulTimeDate\ListfulDraft\ListfulDraft.vcxproj" on node 2 (Rebuild target(s)).
     1>ClCompile:
         C:\Program Files (x86)\Microsoft Visual Studio 11.0\VC\bin\CL.exe /c /ZI /nologo /W3 /WX- /Od /Oy- /D _MBCS /Gm /EHsc /RTC1 /MDd /GS /fp:precise /Zc:wchar_t /Zc:forScope /Fo"Debug\\" /Fd"Debug\vc110.pdb" /Gd /TP /analyze- /errorReport:prompt Add.cpp DataStore.cpp Date.cpp Parser.cpp MAIN.cpp Time.cpp UserInterface.cpp
         UserInterface.cpp
     1>d:\programming\listfultimedate\listfuldraft\userinterface.cpp(53): warning C4244: 'argument' : conversion from 'time_t' to 'unsigned int', possible loss of data
         Time.cpp
     1>d:\programming\listfultimedate\listfuldraft\time.cpp(10): warning C4018: '<' : signed/unsigned mismatch
     1>d:\programming\listfultimedate\listfuldraft\time.cpp(80): warning C4101: 'space' : unreferenced local variable
     1>d:\programming\listfultimedate\listfuldraft\time.cpp(130): warning C4018: '<' : signed/unsigned mismatch
     1>d:\programming\listfultimedate\listfuldraft\time.cpp(145): warning C4018: '<=' : signed/unsigned mismatch
         MAIN.cpp
         Parser.cpp
         Date.cpp
     1>d:\programming\listfultimedate\listfuldraft\date.cpp(4): warning C4101: 'found' : unreferenced local variable
     1>d:\programming\listfultimedate\listfuldraft\date.cpp(140): warning C4101: 'i' : unreferenced local variable
     1>d:\programming\listfultimedate\listfuldraft\date.cpp(204): warning C4018: '<' : signed/unsigned mismatch
         DataStore.cpp
     1>d:\programming\listfultimedate\listfuldraft\datastore.cpp(16): warning C4129: '_' : unrecognized character escape sequence
         Add.cpp
     1>d:\programming\listfultimedate\listfuldraft\add.cpp(4): warning C4101: 'choice' : unreferenced local variable
         Generating Code...
     1>d:\programming\listfultimedate\listfuldraft\time.cpp(127): warning C4715: 'Time::checkRealTime' : not all control paths return a value
     1>d:\programming\listfultimedate\listfuldraft\time.cpp(166): warning C4715: 'Time::extractTime' : not all control paths return a value
       Link:
         C:\Program Files (x86)\Microsoft Visual Studio 11.0\VC\bin\link.exe /ERRORREPORT:PROMPT /OUT:"D:\Programming\ListfulTimeDate\Debug\ListfulDraft.exe" /INCREMENTAL /NOLOGO kernel32.lib user32.lib gdi32.lib winspool.lib comdlg32.lib advapi32.lib shell32.lib ole32.lib oleaut32.lib uuid.lib odbc32.lib odbccp32.lib /MANIFEST /MANIFESTUAC:"level='asInvoker' uiAccess='false'" /manifest:embed /DEBUG /PDB:"D:\Programming\ListfulTimeDate\Debug\ListfulDraft.pdb" /TLBID:1 /DYNAMICBASE /NXCOMPAT /IMPLIB:"D:\Programming\ListfulTimeDate\Debug\ListfulDraft.lib" /MACHINE:X86 Debug\Add.obj
         Debug\DataStore.obj
         Debug\Date.obj
         Debug\Parser.obj
         Debug\MAIN.obj
         Debug\Time.obj
         Debug\UserInterface.obj
         ListfulDraft.vcxproj -> D:\Programming\ListfulTimeDate\Debug\ListfulDraft.exe
     1>Done Building Project "D:\Programming\ListfulTimeDate\ListfulDraft\ListfulDraft.vcxproj" (Rebuild target(s)).

Build succeeded.

Time Elapsed 00:00:17.32
