Build started 9/4/2015 12:22:05 PM.
     1>Project "C:\Users\gerald\Documents\main\ListfulDraft TY\ListfulDraft\ListfulDraft.vcxproj" on node 2 (Build target(s)).
     1>C:\Program Files (x86)\MSBuild\Microsoft.Cpp\v4.0\V110\Microsoft.CppBuild.targets(345,5): warning MSB8004: Intermediate Directory does not end with a trailing slash.  This build instance will add the slash as it is required to allow proper evaluation of the Intermediate Directory.
     1>C:\Program Files (x86)\MSBuild\Microsoft.Cpp\v4.0\V110\Microsoft.CppBuild.targets(346,5): warning MSB8004: Output Directory does not end with a trailing slash.  This build instance will add the slash as it is required to allow proper evaluation of the Output Directory.
     1>ClCompile:
         C:\Program Files (x86)\Microsoft Visual Studio 11.0\VC\bin\CL.exe /c /ZI /nologo /W3 /WX- /Od /Oy- /D _MBCS /Gm /EHsc /RTC1 /MDd /GS /fp:precise /Zc:wchar_t /Zc:forScope /Fo"..\Debug\\" /Fd"..\Debug\vc110.pdb" /Gd /TP /analyze- /errorReport:prompt Add.cpp Category.cpp Clear.cpp DataStore.cpp Date.cpp Delete.cpp Edit.cpp FileLocation.cpp Parser.cpp MAIN.cpp ParserFacade.cpp Priority.cpp Search.cpp Sort.cpp Classes.cpp Display.cpp Timing.cpp UserInterface.cpp UserMessage.cpp
         UserMessage.cpp
         UserInterface.cpp
     1>c:\users\gerald\documents\main\listfuldraft ty\listfuldraft\userinterface.cpp(8): warning C4018: '<' : signed/unsigned mismatch
     1>c:\users\gerald\documents\main\listfuldraft ty\listfuldraft\userinterface.cpp(266): warning C4244: 'argument' : conversion from 'time_t' to 'unsigned int', possible loss of data
         Timing.cpp
     1>c:\users\gerald\documents\main\listfuldraft ty\listfuldraft\timing.cpp(27): warning C4018: '<' : signed/unsigned mismatch
         Display.cpp
     1>c:\users\gerald\documents\main\listfuldraft ty\listfuldraft\display.cpp(15): warning C4018: '<' : signed/unsigned mismatch
     1>c:\users\gerald\documents\main\listfuldraft ty\listfuldraft\display.cpp(23): warning C4018: '<' : signed/unsigned mismatch
     1>c:\users\gerald\documents\main\listfuldraft ty\listfuldraft\display.cpp(31): warning C4018: '<' : signed/unsigned mismatch
     1>c:\users\gerald\documents\main\listfuldraft ty\listfuldraft\display.cpp(49): warning C4018: '<' : signed/unsigned mismatch
     1>c:\users\gerald\documents\main\listfuldraft ty\listfuldraft\display.cpp(118): warning C4018: '<' : signed/unsigned mismatch
     1>c:\users\gerald\documents\main\listfuldraft ty\listfuldraft\display.cpp(123): warning C4018: '<' : signed/unsigned mismatch
     1>c:\users\gerald\documents\main\listfuldraft ty\listfuldraft\display.cpp(128): warning C4018: '<' : signed/unsigned mismatch
     1>c:\users\gerald\documents\main\listfuldraft ty\listfuldraft\display.cpp(143): warning C4018: '<' : signed/unsigned mismatch
     1>c:\users\gerald\documents\main\listfuldraft ty\listfuldraft\display.cpp(151): warning C4018: '<' : signed/unsigned mismatch
     1>c:\users\gerald\documents\main\listfuldraft ty\listfuldraft\display.cpp(159): warning C4018: '<' : signed/unsigned mismatch
     1>c:\users\gerald\documents\main\listfuldraft ty\listfuldraft\display.cpp(177): warning C4018: '<' : signed/unsigned mismatch
     1>c:\users\gerald\documents\main\listfuldraft ty\listfuldraft\display.cpp(182): warning C4018: '<' : signed/unsigned mismatch
     1>c:\users\gerald\documents\main\listfuldraft ty\listfuldraft\display.cpp(187): warning C4018: '<' : signed/unsigned mismatch
     1>c:\users\gerald\documents\main\listfuldraft ty\listfuldraft\display.cpp(227): warning C4018: '>' : signed/unsigned mismatch
     1>c:\users\gerald\documents\main\listfuldraft ty\listfuldraft\display.cpp(237): warning C4018: '>' : signed/unsigned mismatch
         Classes.cpp
         Sort.cpp
     1>c:\users\gerald\documents\main\listfuldraft ty\listfuldraft\sort.cpp(6): warning C4018: '<' : signed/unsigned mismatch
     1>c:\users\gerald\documents\main\listfuldraft ty\listfuldraft\sort.cpp(28): warning C4018: '<' : signed/unsigned mismatch
     1>c:\users\gerald\documents\main\listfuldraft ty\listfuldraft\sort.cpp(71): warning C4018: '<' : signed/unsigned mismatch
     1>c:\users\gerald\documents\main\listfuldraft ty\listfuldraft\sort.cpp(103): warning C4018: '<' : signed/unsigned mismatch
     1>c:\users\gerald\documents\main\listfuldraft ty\listfuldraft\sort.cpp(124): warning C4018: '<' : signed/unsigned mismatch
     1>c:\users\gerald\documents\main\listfuldraft ty\listfuldraft\sort.cpp(160): warning C4018: '<' : signed/unsigned mismatch
     1>c:\users\gerald\documents\main\listfuldraft ty\listfuldraft\sort.cpp(190): warning C4018: '<' : signed/unsigned mismatch
         Search.cpp
     1>c:\users\gerald\documents\main\listfuldraft ty\listfuldraft\search.cpp(56): warning C4018: '<' : signed/unsigned mismatch
     1>c:\users\gerald\documents\main\listfuldraft ty\listfuldraft\search.cpp(80): warning C4018: '<' : signed/unsigned mismatch
     1>c:\users\gerald\documents\main\listfuldraft ty\listfuldraft\search.cpp(105): warning C4018: '<' : signed/unsigned mismatch
     1>c:\users\gerald\documents\main\listfuldraft ty\listfuldraft\search.cpp(125): warning C4018: '<' : signed/unsigned mismatch
     1>c:\users\gerald\documents\main\listfuldraft ty\listfuldraft\search.cpp(144): warning C4018: '<' : signed/unsigned mismatch
     1>c:\users\gerald\documents\main\listfuldraft ty\listfuldraft\search.cpp(166): warning C4018: '<' : signed/unsigned mismatch
         Priority.cpp
         ParserFacade.cpp
         MAIN.cpp
         Parser.cpp
     1>c:\users\gerald\documents\main\listfuldraft ty\listfuldraft\parser.cpp(150): warning C4553: '==' : operator has no effect; did you intend '='?
     1>c:\users\gerald\documents\main\listfuldraft ty\listfuldraft\parser.cpp(419): warning C4018: '<' : signed/unsigned mismatch
         FileLocation.cpp
         Edit.cpp
     1>c:\users\gerald\documents\main\listfuldraft ty\listfuldraft\edit.cpp(5): warning C4018: '>' : signed/unsigned mismatch
         Delete.cpp
     1>c:\users\gerald\documents\main\listfuldraft ty\listfuldraft\delete.cpp(27): warning C4018: '>' : signed/unsigned mismatch
     1>c:\users\gerald\documents\main\listfuldraft ty\listfuldraft\delete.cpp(58): warning C4018: '<' : signed/unsigned mismatch
         Date.cpp
     1>c:\users\gerald\documents\main\listfuldraft ty\listfuldraft\date.cpp(50): warning C4018: '<' : signed/unsigned mismatch
         DataStore.cpp
         Clear.cpp
         Category.cpp
         Add.cpp
         Generating Code...
       Link:
         C:\Program Files (x86)\Microsoft Visual Studio 11.0\VC\bin\link.exe /ERRORREPORT:PROMPT /OUT:"..\ListfulDraft.exe" /INCREMENTAL /NOLOGO kernel32.lib user32.lib gdi32.lib winspool.lib comdlg32.lib advapi32.lib shell32.lib ole32.lib oleaut32.lib uuid.lib odbc32.lib odbccp32.lib /MANIFEST /MANIFESTUAC:"level='asInvoker' uiAccess='false'" /manifest:embed /DEBUG /PDB:"..\ListfulDraft.pdb" /TLBID:1 /DYNAMICBASE /NXCOMPAT /IMPLIB:"..\ListfulDraft.lib" /MACHINE:X86 ..\Debug\Add.obj
         ..\Debug\Category.obj
         ..\Debug\Clear.obj
         ..\Debug\DataStore.obj
         ..\Debug\Date.obj
         ..\Debug\Delete.obj
         ..\Debug\Edit.obj
         ..\Debug\FileLocation.obj
         ..\Debug\Parser.obj
         ..\Debug\MAIN.obj
         ..\Debug\ParserFacade.obj
         ..\Debug\Priority.obj
         ..\Debug\Search.obj
         ..\Debug\Sort.obj
         ..\Debug\Classes.obj
         ..\Debug\Display.obj
         ..\Debug\Timing.obj
         ..\Debug\UserInterface.obj
         ..\Debug\UserMessage.obj
         ListfulDraft.vcxproj -> C:\Users\gerald\Documents\main\ListfulDraft TY\ListfulDraft\..\ListfulDraft.exe
     1>Done Building Project "C:\Users\gerald\Documents\main\ListfulDraft TY\ListfulDraft\ListfulDraft.vcxproj" (Build target(s)).

Build succeeded.

Time Elapsed 00:00:23.54
