D:\PROGRAMMING\LISTFULTIMEDATE\LISTFULDRAFT\DEBUG\ADD.OBJ
D:\PROGRAMMING\LISTFULTIMEDATE\LISTFULDRAFT\DEBUG\CATEGORY.OBJ
D:\PROGRAMMING\LISTFULTIMEDATE\LISTFULDRAFT\DEBUG\CLEAR.OBJ
D:\PROGRAMMING\LISTFULTIMEDATE\LISTFULDRAFT\DEBUG\DATASTORE.OBJ
D:\PROGRAMMING\LISTFULTIMEDATE\LISTFULDRAFT\DEBUG\DATE.OBJ
D:\PROGRAMMING\LISTFULTIMEDATE\LISTFULDRAFT\DEBUG\DELETE.OBJ
D:\PROGRAMMING\LISTFULTIMEDATE\LISTFULDRAFT\DEBUG\MAIN.OBJ
D:\PROGRAMMING\LISTFULTIMEDATE\LISTFULDRAFT\DEBUG\PRIORITY.OBJ
D:\PROGRAMMING\LISTFULTIMEDATE\LISTFULDRAFT\DEBUG\TIME.OBJ
D:\PROGRAMMING\LISTFULTIMEDATE\LISTFULDRAFT\DEBUG\USERINTERFACE.OBJ
D:\PROGRAMMING\LISTFULTIMEDATE\LISTFULDRAFT\DEBUG\VC110.PDB
D:\Programming\ListfulTimeDate\ListfulDraft\Debug\Add.obj
D:\Programming\ListfulTimeDate\ListfulDraft\Debug\Category.obj
D:\Programming\ListfulTimeDate\ListfulDraft\Debug\Clear.obj
D:\Programming\ListfulTimeDate\ListfulDraft\Debug\DataStore.obj
D:\Programming\ListfulTimeDate\ListfulDraft\Debug\Date.obj
D:\Programming\ListfulTimeDate\ListfulDraft\Debug\Delete.obj
D:\Programming\ListfulTimeDate\ListfulDraft\Debug\MAIN.obj
D:\Programming\ListfulTimeDate\ListfulDraft\Debug\Priority.obj
D:\Programming\ListfulTimeDate\ListfulDraft\Debug\Time.obj
D:\Programming\ListfulTimeDate\ListfulDraft\Debug\UserInterface.obj
D:\Programming\ListfulTimeDate\ListfulDraft\Debug\CL.read.1.tlog
D:\Programming\ListfulTimeDate\ListfulDraft\Debug\CL.write.1.tlog
D:\Programming\ListfulTimeDate\ListfulDraft\Debug\cl.command.1.tlog
D:\Programming\ListfulTimeDate\ListfulDraft\Debug\vc110.idb
D:\Programming\ListfulTimeDate\ListfulDraft\Debug\vc110.pdb
D:\Programming\ListfulTimeDate\ListfulDraft\Debug\ListfulDraft.exe
