Build started 30/3/2015 11:49:41 PM.
     1>Project "C:\Users\Theck Yee\Documents\CSproject\ListfulDraft jasmine\ListfulDraft\ListfulDraft.vcxproj" on node 2 (Build target(s)).
     1>ClCompile:
         C:\Program Files (x86)\Microsoft Visual Studio 11.0\VC\bin\CL.exe /c /ZI /nologo /W3 /WX- /Od /Oy- /D _MBCS /Gm /EHsc /RTC1 /MDd /GS /fp:precise /Zc:wchar_t /Zc:forScope /Fo"Debug\\" /Fd"Debug\vc110.pdb" /Gd /TP /analyze- /errorReport:prompt Delete.cpp Edit.cpp MAIN.cpp Parser.cpp UserInterface.cpp
         Parser.cpp
     1>c:\users\theck yee\documents\csproject\listfuldraft jasmine\listfuldraft\parser.cpp(445): warning C4018: '<' : signed/unsigned mismatch
         Edit.cpp
         Delete.cpp
         Generating Code...
     1>c:\users\theck yee\documents\csproject\listfuldraft jasmine\listfuldraft\edit.cpp(83): warning C4715: 'Edit::editContent' : not all control paths return a value
         Compiling...
         UserInterface.cpp
     1>c:\users\theck yee\documents\csproject\listfuldraft jasmine\listfuldraft\userinterface.cpp(57): warning C4244: 'argument' : conversion from 'time_t' to 'unsigned int', possible loss of data
         MAIN.cpp
         Generating Code...
       Link:
         C:\Program Files (x86)\Microsoft Visual Studio 11.0\VC\bin\link.exe /ERRORREPORT:PROMPT /OUT:"C:\Users\Theck Yee\Documents\CSproject\ListfulDraft jasmine\Debug\ListfulDraft.exe" /INCREMENTAL /NOLOGO kernel32.lib user32.lib gdi32.lib winspool.lib comdlg32.lib advapi32.lib shell32.lib ole32.lib oleaut32.lib uuid.lib odbc32.lib odbccp32.lib /MANIFEST /MANIFESTUAC:"level='asInvoker' uiAccess='false'" /manifest:embed /DEBUG /PDB:"C:\Users\Theck Yee\Documents\CSproject\ListfulDraft jasmine\Debug\ListfulDraft.pdb" /TLBID:1 /DYNAMICBASE /NXCOMPAT /IMPLIB:"C:\Users\Theck Yee\Documents\CSproject\ListfulDraft jasmine\Debug\ListfulDraft.lib" /MACHINE:X86 Debug\Add.obj
         Debug\Category.obj
         Debug\Clear.obj
         Debug\DataStore.obj
         Debug\Date.obj
         Debug\Delete.obj
         Debug\Edit.obj
         Debug\Parser.obj
         Debug\MAIN.obj
         Debug\Priority.obj
         Debug\Sort.obj
         Debug\Time.obj
         Debug\UserInterface.obj
         ListfulDraft.vcxproj -> C:\Users\Theck Yee\Documents\CSproject\ListfulDraft jasmine\Debug\ListfulDraft.exe
     1>Done Building Project "C:\Users\Theck Yee\Documents\CSproject\ListfulDraft jasmine\ListfulDraft\ListfulDraft.vcxproj" (Build target(s)).

Build succeeded.

Time Elapsed 00:00:18.58
